<?xml version="1.0" encoding="UTF-8"?>
<!-- Generated by org.testng.reporters.JUnitXMLReporter -->
<testsuite ignored="0" hostname="HIpl-014" failures="1" tests="1" name="Branch Division Test" time="299.874" errors="0" timestamp="2026-05-08T14:35:08 IST">
  <testcase classname="branch_division_finyear.Branch_Division_FinYear_TestCase" name="validateAll_Branch_Division_FinYear_with_ID" time="74.013">
    <failure type="java.lang.RuntimeException" message="Error reading Excel data: Data ID not found: M3">
      <![CDATA[java.lang.RuntimeException: Error reading Excel data: Data ID not found: M3
at webutil.ExcelDataSuplier.readDynamicDataFromExcel(ExcelDataSuplier.java:167)
at branch_division_finyear.Branch_Division_FinYear_TestCase.validateAll_Branch_Division_FinYear_with_ID(Branch_Division_FinYear_TestCase.java:114)
at java.base/java.util.ArrayList.forEach(ArrayList.java:1596)
Caused by: java.lang.RuntimeException: Data ID not found: M3
at webutil.ExcelDataSuplier.readDynamicDataFromExcel(ExcelDataSuplier.java:148)
... 27 more
... Removed 25 stack frames]]>
    </failure>
  </testcase> <!-- validateAll_Branch_Division_FinYear_with_ID -->
</testsuite> <!-- Branch Division Test -->
