<?xml version="1.0" encoding="UTF-8"?>
<!-- Generated by org.testng.reporters.JUnitXMLReporter -->
<testsuite ignored="0" hostname="HIpl-014" failures="0" tests="9" name="Branch Division Year" time="57.168" errors="0" timestamp="2026-05-16T17:11:18 IST">
  <testcase classname="branch_division_finyear.Branch_Division_FinYear_TestCase" name="@BeforeMethod login" time="2.37">
    <failure type="org.openqa.selenium.NoSuchWindowException" message="no such window: target window already closed
from unknown error: web view not found
  (Session info: MicrosoftEdge=148.0.3967.54)
Build info: version: &amp;apos;4.43.0&amp;apos;, revision: &amp;apos;dd0f534&amp;apos;
System info: os.name: &amp;apos;Windows 10&amp;apos;, os.arch: &amp;apos;amd64&amp;apos;, os.version: &amp;apos;10.0&amp;apos;, java.version: &amp;apos;21.0.10&amp;apos;
Driver info: org.openqa.selenium.edge.EdgeDriver
Command: [24d85e115f118d781b1286d6762c859a, screenshot {}]
Capabilities {acceptInsecureCerts: false, browserName: MicrosoftEdge, browserVersion: 148.0.3967.54, fedcm:accounts: true, goog:processID: 6380, ms:edgeOptions: {debuggerAddress: localhost:64507}, msedge: {msedgedriverVersion: 148.0.3967.70 (8956564be045..., userDataDir: C:\Users\user\AppData\Local...}, networkConnectionEnabled: false, pageLoadStrategy: normal, platformName: windows, proxy: Proxy(), se:cdp: ws://localhost:64507/devtoo..., se:cdpVersion: 148.0.3967.54, setWindowRect: true, strictFileInteractability: false, timeouts: {implicit: 0, pageLoad: 300000, script: 30000}, unhandledPromptBehavior: dismiss and notify, webauthn:extension:credBlob: true, webauthn:extension:largeBlob: true, webauthn:extension:minPinLength: true, webauthn:extension:prf: true, webauthn:virtualAuthenticators: true}
Session ID: 24d85e115f118d781b1286d6762c859a">
      <![CDATA[org.openqa.selenium.NoSuchWindowException: no such window: target window already closed
from unknown error: web view not found
  (Session info: MicrosoftEdge=148.0.3967.54)
Build info: version: '4.43.0', revision: 'dd0f534'
System info: os.name: 'Windows 10', os.arch: 'amd64', os.version: '10.0', java.version: '21.0.10'
Driver info: org.openqa.selenium.edge.EdgeDriver
Command: [24d85e115f118d781b1286d6762c859a, screenshot {}]
Capabilities {acceptInsecureCerts: false, browserName: MicrosoftEdge, browserVersion: 148.0.3967.54, fedcm:accounts: true, goog:processID: 6380, ms:edgeOptions: {debuggerAddress: localhost:64507}, msedge: {msedgedriverVersion: 148.0.3967.70 (8956564be045..., userDataDir: C:\Users\user\AppData\Local...}, networkConnectionEnabled: false, pageLoadStrategy: normal, platformName: windows, proxy: Proxy(), se:cdp: ws://localhost:64507/devtoo..., se:cdpVersion: 148.0.3967.54, setWindowRect: true, strictFileInteractability: false, timeouts: {implicit: 0, pageLoad: 300000, script: 30000}, unhandledPromptBehavior: dismiss and notify, webauthn:extension:credBlob: true, webauthn:extension:largeBlob: true, webauthn:extension:minPinLength: true, webauthn:extension:prf: true, webauthn:virtualAuthenticators: true}
Session ID: 24d85e115f118d781b1286d6762c859a
at org.openqa.selenium.remote.ErrorCodec.decode(ErrorCodec.java:169)
at org.openqa.selenium.remote.codec.w3c.W3CHttpResponseCodec.decode(W3CHttpResponseCodec.java:142)
at org.openqa.selenium.remote.codec.w3c.W3CHttpResponseCodec.decode(W3CHttpResponseCodec.java:49)
at org.openqa.selenium.remote.HttpCommandExecutor.execute(HttpCommandExecutor.java:223)
at org.openqa.selenium.remote.service.DriverCommandExecutor.invokeExecute(DriverCommandExecutor.java:216)
at org.openqa.selenium.remote.service.DriverCommandExecutor.execute(DriverCommandExecutor.java:174)
at org.openqa.selenium.remote.RemoteWebDriver.execute(RemoteWebDriver.java:606)
at org.openqa.selenium.remote.RemoteWebDriver.execute(RemoteWebDriver.java:688)
at org.openqa.selenium.remote.RemoteWebDriver.execute(RemoteWebDriver.java:692)
at org.openqa.selenium.remote.RemoteWebDriver.getScreenshotAs(RemoteWebDriver.java:395)
at webutil.WebUtil.takeScreenShot(WebUtil.java:441)
at webutil.WebUtil.sendKeys(WebUtil.java:180)
at login.IcaffeLogin.enterLoginCreadential(IcaffeLogin.java:49)
at branch_division_finyear.Branch_Division_FinYear_TestCase.login(Branch_Division_FinYear_TestCase.java:56)
at java.base/java.util.ArrayList.forEach(ArrayList.java:1596)
... Removed 29 stack frames]]>
    </failure>
  </testcase> <!-- @BeforeMethod login -->
  <testcase classname="branch_division_finyear.Branch_Division_FinYear_TestCase" name="@AfterMethod takeScreenShot" time="0.0">
    <skipped/>
  </testcase> <!-- @AfterMethod takeScreenShot -->
  <testcase classname="branch_division_finyear.Branch_Division_FinYear_TestCase" name="@BeforeMethod login" time="0.0">
    <skipped/>
  </testcase> <!-- @BeforeMethod login -->
  <testcase classname="branch_division_finyear.Branch_Division_FinYear_TestCase" name="@AfterMethod takeScreenShot" time="0.0">
    <skipped/>
  </testcase> <!-- @AfterMethod takeScreenShot -->
  <testcase classname="branch_division_finyear.Branch_Division_FinYear_TestCase" name="@BeforeMethod login" time="0.0">
    <skipped/>
  </testcase> <!-- @BeforeMethod login -->
  <testcase classname="branch_division_finyear.Branch_Division_FinYear_TestCase" name="@AfterMethod takeScreenShot" time="0.0">
    <skipped/>
  </testcase> <!-- @AfterMethod takeScreenShot -->
  <testcase classname="branch_division_finyear.Branch_Division_FinYear_TestCase" name="@BeforeMethod login" time="0.0">
    <skipped/>
  </testcase> <!-- @BeforeMethod login -->
  <testcase classname="branch_division_finyear.Branch_Division_FinYear_TestCase" name="@AfterMethod takeScreenShot" time="0.0">
    <skipped/>
  </testcase> <!-- @AfterMethod takeScreenShot -->
  <testcase classname="branch_division_finyear.Branch_Division_FinYear_TestCase" name="@BeforeMethod login" time="0.0">
    <skipped/>
  </testcase> <!-- @BeforeMethod login -->
  <testcase classname="branch_division_finyear.Branch_Division_FinYear_TestCase" name="@AfterMethod takeScreenShot" time="0.0">
    <skipped/>
  </testcase> <!-- @AfterMethod takeScreenShot -->
  <testcase classname="branch_division_finyear.Branch_Division_FinYear_TestCase" name="@BeforeMethod login" time="0.0">
    <skipped/>
  </testcase> <!-- @BeforeMethod login -->
  <testcase classname="branch_division_finyear.Branch_Division_FinYear_TestCase" name="@AfterMethod takeScreenShot" time="0.0">
    <skipped/>
  </testcase> <!-- @AfterMethod takeScreenShot -->
  <testcase classname="branch_division_finyear.Branch_Division_FinYear_TestCase" name="@BeforeMethod login" time="0.0">
    <skipped/>
  </testcase> <!-- @BeforeMethod login -->
  <testcase classname="branch_division_finyear.Branch_Division_FinYear_TestCase" name="@AfterMethod takeScreenShot" time="0.0">
    <skipped/>
  </testcase> <!-- @AfterMethod takeScreenShot -->
  <testcase classname="branch_division_finyear.Branch_Division_FinYear_TestCase" name="validate_AllBranch_Division_FinYear_with_DataProvider" time="6.408"/>
  <testcase classname="branch_division_finyear.Branch_Division_FinYear_TestCase" name="validate_AllBranch_Division_FinYear_with_DataProvider" time="12.024"/>
  <testcase classname="branch_division_finyear.Branch_Division_FinYear_TestCase" name="validate_AllBranch_Division_FinYear_with_DataProvider" time="0.0">
    <skipped/>
  </testcase> <!-- validate_AllBranch_Division_FinYear_with_DataProvider -->
  <testcase classname="branch_division_finyear.Branch_Division_FinYear_TestCase" name="validate_AllBranch_Division_FinYear_with_DataProvider" time="0.0">
    <skipped/>
  </testcase> <!-- validate_AllBranch_Division_FinYear_with_DataProvider -->
  <testcase classname="branch_division_finyear.Branch_Division_FinYear_TestCase" name="validate_AllBranch_Division_FinYear_with_DataProvider" time="0.001">
    <skipped/>
  </testcase> <!-- validate_AllBranch_Division_FinYear_with_DataProvider -->
  <testcase classname="branch_division_finyear.Branch_Division_FinYear_TestCase" name="validate_AllBranch_Division_FinYear_with_DataProvider" time="0.0">
    <skipped/>
  </testcase> <!-- validate_AllBranch_Division_FinYear_with_DataProvider -->
  <testcase classname="branch_division_finyear.Branch_Division_FinYear_TestCase" name="validate_AllBranch_Division_FinYear_with_DataProvider" time="0.0">
    <skipped/>
  </testcase> <!-- validate_AllBranch_Division_FinYear_with_DataProvider -->
  <testcase classname="branch_division_finyear.Branch_Division_FinYear_TestCase" name="validate_AllBranch_Division_FinYear_with_DataProvider" time="0.0">
    <skipped/>
  </testcase> <!-- validate_AllBranch_Division_FinYear_with_DataProvider -->
  <testcase classname="branch_division_finyear.Branch_Division_FinYear_TestCase" name="validate_Branch_Division_FinYear_with_ID" time="0.0">
    <skipped/>
  </testcase> <!-- validate_Branch_Division_FinYear_with_ID -->
</testsuite> <!-- Branch Division Year -->
