<?xml version="1.0" encoding="UTF-8"?>
<!-- Generated by org.testng.reporters.JUnitXMLReporter -->
<testsuite ignored="4" hostname="HIpl-014" failures="0" tests="1" name="Delete Masters Party Shipper" time="29.476" errors="0" timestamp="2026-05-16T11:44:30 IST">
  <testcase classname="masters.Party_Exporter_TestCase" name="verifyShipperAccountDeletion" time="5.241"/>
  <testcase classname="masters.Party_Exporter_TestCase" name="verifyShipperAccountModification" time="0.0">
    <ignored/>
  </testcase> <!-- verifyShipperAccountModification -->
  <testcase classname="masters.Party_Exporter_TestCase" name="verifyShipperPartyDisplayedInSearch" time="0.0">
    <ignored/>
  </testcase> <!-- verifyShipperPartyDisplayedInSearch -->
  <testcase classname="masters.Party_Exporter_TestCase" name="verifyShipperPageTitle" time="0.0">
    <ignored/>
  </testcase> <!-- verifyShipperPageTitle -->
  <testcase classname="masters.Party_Exporter_TestCase" name="verifyShipperAccountCreationWithMandatoryFields" time="0.0">
    <ignored/>
  </testcase> <!-- verifyShipperAccountCreationWithMandatoryFields -->
</testsuite> <!-- Delete Masters Party Shipper -->
