<?xml version="1.0" encoding="UTF-8"?>
<!-- Generated by org.testng.reporters.JUnitXMLReporter -->
<testsuite ignored="0" hostname="HIpl-014" failures="0" tests="3" name="Login Test" time="49.083" errors="0" timestamp="2026-05-16T17:03:28 IST">
  <testcase classname="logintestcase.LoginTestCase" name="validateLoginPageWith_Title" time="10.955"/>
  <testcase classname="logintestcase.LoginTestCase" name="validateLoginPageWith_Title" time="10.823"/>
  <testcase classname="logintestcase.LoginTestCase" name="validateLoginPageWith_Title" time="11.043"/>
</testsuite> <!-- Login Test -->
