<?xml version="1.0" encoding="UTF-8"?>
<!-- Generated by org.testng.reporters.JUnitXMLReporter -->
<testsuite ignored="4" hostname="HIpl-014" failures="0" tests="1" name="Search and Log Masters Party Shipper Name and Status" time="48.694" errors="0" timestamp="2026-05-16T11:22:08 IST">
  <testcase classname="masters.Party_Exporter_TestCase" name="verifyShipperPartyDisplayedInSearch" time="22.396"/>
  <testcase classname="masters.Party_Exporter_TestCase" name="verifyShipperAccountCreationWithMandatoryFields" time="0.0">
    <ignored/>
  </testcase> <!-- verifyShipperAccountCreationWithMandatoryFields -->
  <testcase classname="masters.Party_Exporter_TestCase" name="verifyShipperPageTitle" time="0.0">
    <ignored/>
  </testcase> <!-- verifyShipperPageTitle -->
  <testcase classname="masters.Party_Exporter_TestCase" name="verifyShipperAccountDeletion" time="0.0">
    <ignored/>
  </testcase> <!-- verifyShipperAccountDeletion -->
  <testcase classname="masters.Party_Exporter_TestCase" name="verifyShipperAccountModification" time="0.0">
    <ignored/>
  </testcase> <!-- verifyShipperAccountModification -->
</testsuite> <!-- Search and Log Masters Party Shipper Name and Status -->
