<?xml version="1.0" encoding="UTF-8"?>
<!-- Generated by org.testng.reporters.JUnitXMLReporter -->
<testsuite ignored="8" hostname="HIpl-014" failures="0" tests="1" name="verifyGovernmentShipperPartyCreationWithMandatoryFieldsTest" time="33.735" errors="0" timestamp="2026-05-16T15:58:21 IST">
  <testcase classname="masters.Party_Exporter_TestCase" name="verifyGovernmentShipperPartyCreationWithMandatoryFieldsTest" time="13.033"/>
  <testcase classname="masters.Party_Exporter_TestCase" name="verifyShipperPartyDeletion" time="0.0">
    <ignored/>
  </testcase> <!-- verifyShipperPartyDeletion -->
  <testcase classname="masters.Party_Exporter_TestCase" name="verifyPrivateShipperPartyCreationWithMandatoryFieldsTest" time="0.0">
    <ignored/>
  </testcase> <!-- verifyPrivateShipperPartyCreationWithMandatoryFieldsTest -->
  <testcase classname="masters.Party_Exporter_TestCase" name="verifyShipperMasterTitle" time="0.0">
    <ignored/>
  </testcase> <!-- verifyShipperMasterTitle -->
  <testcase classname="masters.Party_Exporter_TestCase" name="verifyShipperPartyModification" time="0.0">
    <ignored/>
  </testcase> <!-- verifyShipperPartyModification -->
  <testcase classname="masters.Party_Exporter_TestCase" name="verifyDuplicateIECNumberForGovernmentShipperCreation" time="0.0">
    <ignored/>
  </testcase> <!-- verifyDuplicateIECNumberForGovernmentShipperCreation -->
  <testcase classname="masters.Party_Exporter_TestCase" name="verifyDuplicateShipperNameForGovernmentPartyCreationTest" time="0.0">
    <ignored/>
  </testcase> <!-- verifyDuplicateShipperNameForGovernmentPartyCreationTest -->
  <testcase classname="masters.Party_Exporter_TestCase" name="verifyShipperPartyDisplayedInSearchGrid" time="0.0">
    <ignored/>
  </testcase> <!-- verifyShipperPartyDisplayedInSearchGrid -->
  <testcase classname="masters.Party_Exporter_TestCase" name="verifyDuplicateIECNumberForPrivateShipperCreation" time="0.0">
    <ignored/>
  </testcase> <!-- verifyDuplicateIECNumberForPrivateShipperCreation -->
</testsuite> <!-- verifyGovernmentShipperPartyCreationWithMandatoryFieldsTest -->
