<?xml version="1.0" encoding="UTF-8"?>
<!-- Generated by org.testng.reporters.JUnitXMLReporter -->
<testsuite ignored="11" hostname="HIpl-014" failures="0" tests="0" time="0.016" errors="0" timestamp="2026-05-23T12:48:37 IST">
  <testcase classname="masterstestcase.Party_Exporter_TestCase" name="verifyGovernmentShipperPartyDeletion" time="0.0">
    <ignored/>
  </testcase> <!-- verifyGovernmentShipperPartyDeletion -->
  <testcase classname="masterstestcase.Party_Exporter_TestCase" name="verifyShipperPartyModification" time="0.0">
    <ignored/>
  </testcase> <!-- verifyShipperPartyModification -->
  <testcase classname="masterstestcase.Party_Exporter_TestCase" name="verifyShipperMasterTitle" time="0.0">
    <ignored/>
  </testcase> <!-- verifyShipperMasterTitle -->
  <testcase classname="masterstestcase.Party_Exporter_TestCase" name="verifyDuplicateGovernmentShipperPartyDeletion" time="0.0">
    <ignored/>
  </testcase> <!-- verifyDuplicateGovernmentShipperPartyDeletion -->
  <testcase classname="masterstestcase.Party_Exporter_TestCase" name="verifyDuplicateIECNumberForPrivateShipperCreation" time="0.0">
    <ignored/>
  </testcase> <!-- verifyDuplicateIECNumberForPrivateShipperCreation -->
  <testcase classname="masterstestcase.Party_Exporter_TestCase" name="verifyDuplicateIECNumberForGovernmentShipperCreation" time="0.0">
    <ignored/>
  </testcase> <!-- verifyDuplicateIECNumberForGovernmentShipperCreation -->
  <testcase classname="masterstestcase.Party_Exporter_TestCase" name="verifyGovernmentShipperPartyCreationWithMandatoryFieldsTest" time="0.0">
    <ignored/>
  </testcase> <!-- verifyGovernmentShipperPartyCreationWithMandatoryFieldsTest -->
  <testcase classname="masterstestcase.Party_Exporter_TestCase" name="verifyDuplicateShipperNameForGovernmentPartyCreationTest" time="0.0">
    <ignored/>
  </testcase> <!-- verifyDuplicateShipperNameForGovernmentPartyCreationTest -->
  <testcase classname="masterstestcase.Party_Exporter_TestCase" name="verifyPrivateShipperPartyDeletion" time="0.0">
    <ignored/>
  </testcase> <!-- verifyPrivateShipperPartyDeletion -->
  <testcase classname="masterstestcase.Party_Exporter_TestCase" name="verifyPrivateShipperPartyCreationWithMandatoryFieldsTest" time="0.0">
    <ignored/>
  </testcase> <!-- verifyPrivateShipperPartyCreationWithMandatoryFieldsTest -->
  <testcase classname="masterstestcase.Party_Exporter_TestCase" name="verifyShipperPartyDisplayedInSearchGrid" time="0.0">
    <ignored/>
  </testcase> <!-- verifyShipperPartyDisplayedInSearchGrid -->
</testsuite>
