<?xml version="1.0" encoding="UTF-8"?>
<!-- Generated by org.testng.reporters.JUnitXMLReporter -->
<testsuite ignored="2" hostname="HIPL-008" failures="0" tests="1" name="Cost Center Record Modification 02" time="33.764" errors="0" timestamp="2026-05-16T11:39:01 IST">
  <testcase classname="regionalMasterTestCase.CostCenterMasterTestCase" name="modifyCostCenter" time="4.608"/>
  <testcase classname="regionalMasterTestCase.CostCenterMasterTestCase" name="createCostCenter" time="0.0">
    <ignored/>
  </testcase> <!-- createCostCenter -->
  <testcase classname="regionalMasterTestCase.CostCenterMasterTestCase" name="pageTitleCostCenter" time="0.0">
    <ignored/>
  </testcase> <!-- pageTitleCostCenter -->
</testsuite> <!-- Cost Center Record Modification 02 -->
