<?xml version="1.0" encoding="UTF-8"?>
<!-- Generated by org.testng.reporters.JUnitXMLReporter -->
<testsuite ignored="4" hostname="HIPL-008" failures="0" tests="1" name="Modify Region Master Only" time="34.046" errors="0" timestamp="2026-05-15T14:53:38 IST">
  <testcase classname="regionalMasterTestCase.RegionMasterTestCase" name="modifyRegionMasterByXML" time="5.453"/>
  <testcase classname="regionalMasterTestCase.RegionMasterTestCase" name="pageTitleRegionMaster" time="0.0">
    <ignored/>
  </testcase> <!-- pageTitleRegionMaster -->
  <testcase classname="regionalMasterTestCase.RegionMasterTestCase" name="clearRegionMaster" time="0.0">
    <ignored/>
  </testcase> <!-- clearRegionMaster -->
  <testcase classname="regionalMasterTestCase.RegionMasterTestCase" name="createRegionMaster" time="0.0">
    <ignored/>
  </testcase> <!-- createRegionMaster -->
  <testcase classname="regionalMasterTestCase.RegionMasterTestCase" name="modifyRegionMaster" time="0.0">
    <ignored/>
  </testcase> <!-- modifyRegionMaster -->
</testsuite> <!-- Modify Region Master Only -->
