<?xml version="1.0" encoding="UTF-8"?>
<!-- Generated by org.testng.reporters.JUnitXMLReporter -->
<testsuite ignored="0" hostname="HIpl-014" failures="1" tests="1" name="Test" time="0.063" errors="0" timestamp="2026-05-07T14:09:14 IST">
  <testcase classname="logintestcase.LoginTestCase" name="@BeforeSuite generatReport" time="0.02">
    <failure type="java.lang.ExceptionInInitializerError">
      <![CDATA[java.lang.ExceptionInInitializerError
at logintestcase.LoginTestCase.generatReport(LoginTestCase.java:25)
Caused by: java.lang.RuntimeException: java.lang.RuntimeException: Config file not found: config.properties
at webutil.WebUtil.<clinit>(WebUtil.java:457)
... 18 more
Caused by: java.lang.RuntimeException: Config file not found: config.properties
at webutil.WebUtil.<clinit>(WebUtil.java:451)
... 18 more
... Removed 17 stack frames]]>
    </failure>
  </testcase> <!-- @BeforeSuite generatReport -->
  <testcase classname="logintestcase.LoginTestCase" name="validateLoginPageWith_Title" time="0.0">
    <failure type="java.lang.RuntimeException" message="java.lang.NoClassDefFoundError: Could not initialize class webutil.WebUtil">
      <![CDATA[java.lang.RuntimeException: java.lang.NoClassDefFoundError: Could not initialize class webutil.WebUtil
at java.base/java.util.ArrayList.forEach(ArrayList.java:1596)
Caused by: java.lang.NoClassDefFoundError: Could not initialize class webutil.WebUtil
at webutil.ExcelDataSuplier.readAllData(ExcelDataSuplier.java:72)
... 25 more
Caused by: java.lang.ExceptionInInitializerError: Exception java.lang.RuntimeException: java.lang.RuntimeException: Config file not found: config.properties [in thread "main"]
at webutil.WebUtil.<clinit>(WebUtil.java:457)
at logintestcase.LoginTestCase.generatReport(LoginTestCase.java:25)
... 10 more
... Removed 37 stack frames]]>
    </failure>
  </testcase> <!-- validateLoginPageWith_Title -->
</testsuite> <!-- Test -->
