<?xml version="1.0" encoding="UTF-8"?>
<!-- Generated by org.testng.reporters.JUnitXMLReporter -->
<testsuite ignored="0" hostname="HIpl-014" failures="0" tests="14" name="Test Login and Branch Division FinYear" time="127.73" errors="0" timestamp="2026-04-30T14:49:50 IST">
  <testcase classname="logintestcase.LoginTestCase" name="validateLoginPage" time="0.832"/>
  <testcase classname="logintestcase.LoginTestCase" name="validateLoginPage" time="0.756"/>
  <testcase classname="logintestcase.LoginTestCase" name="validateLoginPage" time="0.971"/>
  <testcase classname="logintestcase.LoginTestCase" name="validateLoginWithValidCredential" time="1.096"/>
  <testcase classname="branch_division_finyear.Branch_Division_FinYear_TestCase" name="validateAll_Branch_Division_FinYear_with_ID" time="4.775"/>
  <testcase classname="branch_division_finyear.Branch_Division_FinYear_TestCase" name="validate_AllBranch_Division_FinYear_with_DataProvider" time="4.548"/>
  <testcase classname="branch_division_finyear.Branch_Division_FinYear_TestCase" name="validate_AllBranch_Division_FinYear_with_DataProvider" time="5.318"/>
  <testcase classname="branch_division_finyear.Branch_Division_FinYear_TestCase" name="validate_AllBranch_Division_FinYear_with_DataProvider" time="5.092"/>
  <testcase classname="branch_division_finyear.Branch_Division_FinYear_TestCase" name="validate_AllBranch_Division_FinYear_with_DataProvider" time="5.587"/>
  <testcase classname="branch_division_finyear.Branch_Division_FinYear_TestCase" name="validate_AllBranch_Division_FinYear_with_DataProvider" time="5.459"/>
  <testcase classname="branch_division_finyear.Branch_Division_FinYear_TestCase" name="validate_AllBranch_Division_FinYear_with_DataProvider" time="4.432"/>
  <testcase classname="branch_division_finyear.Branch_Division_FinYear_TestCase" name="validate_AllBranch_Division_FinYear_with_DataProvider" time="4.563"/>
  <testcase classname="branch_division_finyear.Branch_Division_FinYear_TestCase" name="validate_AllBranch_Division_FinYear_with_DataProvider" time="5.877"/>
  <testcase classname="branch_division_finyear.Branch_Division_FinYear_TestCase" name="validate_Branch_Division_FinYear_with_PropertyFile" time="4.176"/>
</testsuite> <!-- Test Login and Branch Division FinYear -->
