<?xml version="1.0" encoding="UTF-8"?>
<!-- Generated by org.testng.reporters.JUnitReportReporter -->
<testsuite hostname="HIPL-008" failures="0" tests="4" name="masters.CFS_MasterTestCase" time="154.435" errors="0" timestamp="2026-05-14T15:25:18 IST" skipped="0">
  <testcase classname="masters.CFS_MasterTestCase" name="validateCFSMasterPageTitle" time="37.745"/>
  <testcase classname="masters.CFS_MasterTestCase" name="createCFSMasterRecord" time="38.737"/>
  <testcase classname="masters.CFS_MasterTestCase" name="clearCFSMasterPage" time="44.311"/>
  <testcase classname="masters.CFS_MasterTestCase" name="modifyCFSMasterRecord" time="33.642"/>
</testsuite> <!-- masters.CFS_MasterTestCase -->
