<?xml version="1.0" encoding="UTF-8"?>
<!-- Generated by org.testng.reporters.JUnitReportReporter -->
<testsuite hostname="HIPL-008" failures="0" tests="3" name="masters.CFS_MasterTestCase" time="41.037" errors="0" timestamp="2026-04-30T17:04:51 IST" skipped="0">
  <testcase classname="masters.CFS_MasterTestCase" name="cfsMasterData_ByDataProvider" time="12.581"/>
  <testcase classname="masters.CFS_MasterTestCase" name="cfsMasterData_ByDataProvider" time="12.830"/>
  <testcase classname="masters.CFS_MasterTestCase" name="cfsMasterData_ByDataProvider" time="15.626"/>
</testsuite> <!-- masters.CFS_MasterTestCase -->
