<?xml version="1.0" encoding="UTF-8"?>
<!-- Generated by org.testng.reporters.JUnitReportReporter -->
<testsuite hostname="HIpl-014" failures="0" tests="4" name="logintestcase.LoginTestCase" time="21.727" errors="0" timestamp="2026-04-30T14:49:50 IST" skipped="0">
  <testcase classname="logintestcase.LoginTestCase" name="validateLoginWithValidCredential" time="5.107"/>
  <testcase classname="logintestcase.LoginTestCase" name="validateLoginPage" time="6.281"/>
  <testcase classname="logintestcase.LoginTestCase" name="validateLoginPage" time="5.632"/>
  <testcase classname="logintestcase.LoginTestCase" name="validateLoginPage" time="4.707"/>
</testsuite> <!-- logintestcase.LoginTestCase -->
