<?xml version="1.0" encoding="UTF-8"?>
<!-- Generated by org.testng.reporters.JUnitReportReporter -->
<testsuite hostname="HIpl-014" failures="8" tests="8" name="branch_division_finyear.Branch_Division_FinYear_TestCase" time="73.260" errors="0" timestamp="2026-04-27T16:26:59 IST" skipped="0">
  <testcase classname="branch_division_finyear.Branch_Division_FinYear_TestCase" name="validateAllBranch_Division_FinYear_fromDataProvider_002" time="10.072">
    <failure message="expected [{A1=[Welcome, Akash12, (2627), DEMO LTD, Ahmedabad (Export Air)], A2=[Welcome, Akash12, (2627), DEMO LTD, Ahmedabad (Export Sea)], A3=[Welcome, Akash12, (2627), DEMO LTD, Ahmedabad (Import Air)], A4=[Welcome, Akash12, (2627), DEMO LTD, Ahmedabad (Import Sea)], M1=[Welcome, Akash12, (2627), DEMO LTD, Mumbai (Export Air)], M2=[Welcome, Akash12, (2627), DEMO LTD, Mumbai (Export Sea)], M3=[Welcome, Akash12, (2627), DEMO LTD, Mumbai (Import Air)], M4=[Welcome, Akash12, (2627), DEMO LTD, Mumbai (Import Sea)]}] but found [[Welcome, Akash12, (2627), DEMO LTD, Mumbai (Import Sea)]]" type="java.lang.AssertionError">
      <![CDATA[java.lang.AssertionError: expected [{A1=[Welcome, Akash12, (2627), DEMO LTD, Ahmedabad (Export Air)], A2=[Welcome, Akash12, (2627), DEMO LTD, Ahmedabad (Export Sea)], A3=[Welcome, Akash12, (2627), DEMO LTD, Ahmedabad (Import Air)], A4=[Welcome, Akash12, (2627), DEMO LTD, Ahmedabad (Import Sea)], M1=[Welcome, Akash12, (2627), DEMO LTD, Mumbai (Export Air)], M2=[Welcome, Akash12, (2627), DEMO LTD, Mumbai (Export Sea)], M3=[Welcome, Akash12, (2627), DEMO LTD, Mumbai (Import Air)], M4=[Welcome, Akash12, (2627), DEMO LTD, Mumbai (Import Sea)]}] but found [[Welcome, Akash12, (2627), DEMO LTD, Mumbai (Import Sea)]]
at org.testng.Assert.fail(Assert.java:111)
at org.testng.Assert.failNotEquals(Assert.java:1590)
at org.testng.Assert.assertEqualsImpl(Assert.java:150)
at org.testng.Assert.assertEquals(Assert.java:132)
at org.testng.Assert.assertEquals(Assert.java:644)
at webutil.WebUtil.validateListOfText(WebUtil.java:412)
at branch_division_finyear.Branch_Division_FinYear_TestCase.validateAllBranch_Division_FinYear_fromDataProvider_002(Branch_Division_FinYear_TestCase.java:94)
at java.base/jdk.internal.reflect.DirectMethodHandleAccessor.invoke(DirectMethodHandleAccessor.java:103)
at java.base/java.lang.reflect.Method.invoke(Method.java:580)
at org.testng.internal.invokers.MethodInvocationHelper.invokeMethod(MethodInvocationHelper.java:141)
at org.testng.internal.invokers.TestInvoker.invokeMethod(TestInvoker.java:687)
at org.testng.internal.invokers.TestInvoker.invokeTestMethod(TestInvoker.java:230)
at org.testng.internal.invokers.MethodRunner.runInSequence(MethodRunner.java:63)
at org.testng.internal.invokers.TestInvoker$MethodInvocationAgent.invoke(TestInvoker.java:995)
at org.testng.internal.invokers.TestInvoker.invokeTestMethods(TestInvoker.java:203)
at org.testng.internal.invokers.TestMethodWorker.invokeTestMethods(TestMethodWorker.java:154)
at org.testng.internal.invokers.TestMethodWorker.run(TestMethodWorker.java:134)
at java.base/java.util.ArrayList.forEach(ArrayList.java:1596)
at org.testng.TestRunner.privateRun(TestRunner.java:741)
at org.testng.TestRunner.run(TestRunner.java:616)
at org.testng.SuiteRunner.runTest(SuiteRunner.java:421)
at org.testng.SuiteRunner.runSequentially(SuiteRunner.java:413)
at org.testng.SuiteRunner.privateRun(SuiteRunner.java:373)
at org.testng.SuiteRunner.run(SuiteRunner.java:312)
at org.testng.SuiteRunnerWorker.runSuite(SuiteRunnerWorker.java:52)
at org.testng.SuiteRunnerWorker.run(SuiteRunnerWorker.java:95)
at org.testng.TestNG.runSuitesSequentially(TestNG.java:1274)
at org.testng.TestNG.runSuitesLocally(TestNG.java:1208)
at org.testng.TestNG.runSuites(TestNG.java:1112)
at org.testng.TestNG.run(TestNG.java:1079)
at org.testng.remote.AbstractRemoteTestNG.run(AbstractRemoteTestNG.java:115)
at org.testng.remote.RemoteTestNG.initAndRun(RemoteTestNG.java:293)
at org.testng.remote.RemoteTestNG.main(RemoteTestNG.java:91)
]]>
    </failure>
  </testcase> <!-- validateAllBranch_Division_FinYear_fromDataProvider_002 -->
  <testcase classname="branch_division_finyear.Branch_Division_FinYear_TestCase" name="validateAllBranch_Division_FinYear_fromDataProvider_002" time="9.528">
    <failure message="expected [{A1=[Welcome, Akash12, (2627), DEMO LTD, Ahmedabad (Export Air)], A2=[Welcome, Akash12, (2627), DEMO LTD, Ahmedabad (Export Sea)], A3=[Welcome, Akash12, (2627), DEMO LTD, Ahmedabad (Import Air)], A4=[Welcome, Akash12, (2627), DEMO LTD, Ahmedabad (Import Sea)], M1=[Welcome, Akash12, (2627), DEMO LTD, Mumbai (Export Air)], M2=[Welcome, Akash12, (2627), DEMO LTD, Mumbai (Export Sea)], M3=[Welcome, Akash12, (2627), DEMO LTD, Mumbai (Import Air)], M4=[Welcome, Akash12, (2627), DEMO LTD, Mumbai (Import Sea)]}] but found [[Welcome, Akash12, (2627), DEMO LTD, Mumbai (Export Sea)]]" type="java.lang.AssertionError">
      <![CDATA[java.lang.AssertionError: expected [{A1=[Welcome, Akash12, (2627), DEMO LTD, Ahmedabad (Export Air)], A2=[Welcome, Akash12, (2627), DEMO LTD, Ahmedabad (Export Sea)], A3=[Welcome, Akash12, (2627), DEMO LTD, Ahmedabad (Import Air)], A4=[Welcome, Akash12, (2627), DEMO LTD, Ahmedabad (Import Sea)], M1=[Welcome, Akash12, (2627), DEMO LTD, Mumbai (Export Air)], M2=[Welcome, Akash12, (2627), DEMO LTD, Mumbai (Export Sea)], M3=[Welcome, Akash12, (2627), DEMO LTD, Mumbai (Import Air)], M4=[Welcome, Akash12, (2627), DEMO LTD, Mumbai (Import Sea)]}] but found [[Welcome, Akash12, (2627), DEMO LTD, Mumbai (Export Sea)]]
at org.testng.Assert.fail(Assert.java:111)
at org.testng.Assert.failNotEquals(Assert.java:1590)
at org.testng.Assert.assertEqualsImpl(Assert.java:150)
at org.testng.Assert.assertEquals(Assert.java:132)
at org.testng.Assert.assertEquals(Assert.java:644)
at webutil.WebUtil.validateListOfText(WebUtil.java:412)
at branch_division_finyear.Branch_Division_FinYear_TestCase.validateAllBranch_Division_FinYear_fromDataProvider_002(Branch_Division_FinYear_TestCase.java:94)
at java.base/jdk.internal.reflect.DirectMethodHandleAccessor.invoke(DirectMethodHandleAccessor.java:103)
at java.base/java.lang.reflect.Method.invoke(Method.java:580)
at org.testng.internal.invokers.MethodInvocationHelper.invokeMethod(MethodInvocationHelper.java:141)
at org.testng.internal.invokers.TestInvoker.invokeMethod(TestInvoker.java:687)
at org.testng.internal.invokers.TestInvoker.invokeTestMethod(TestInvoker.java:230)
at org.testng.internal.invokers.MethodRunner.runInSequence(MethodRunner.java:63)
at org.testng.internal.invokers.TestInvoker$MethodInvocationAgent.invoke(TestInvoker.java:995)
at org.testng.internal.invokers.TestInvoker.invokeTestMethods(TestInvoker.java:203)
at org.testng.internal.invokers.TestMethodWorker.invokeTestMethods(TestMethodWorker.java:154)
at org.testng.internal.invokers.TestMethodWorker.run(TestMethodWorker.java:134)
at java.base/java.util.ArrayList.forEach(ArrayList.java:1596)
at org.testng.TestRunner.privateRun(TestRunner.java:741)
at org.testng.TestRunner.run(TestRunner.java:616)
at org.testng.SuiteRunner.runTest(SuiteRunner.java:421)
at org.testng.SuiteRunner.runSequentially(SuiteRunner.java:413)
at org.testng.SuiteRunner.privateRun(SuiteRunner.java:373)
at org.testng.SuiteRunner.run(SuiteRunner.java:312)
at org.testng.SuiteRunnerWorker.runSuite(SuiteRunnerWorker.java:52)
at org.testng.SuiteRunnerWorker.run(SuiteRunnerWorker.java:95)
at org.testng.TestNG.runSuitesSequentially(TestNG.java:1274)
at org.testng.TestNG.runSuitesLocally(TestNG.java:1208)
at org.testng.TestNG.runSuites(TestNG.java:1112)
at org.testng.TestNG.run(TestNG.java:1079)
at org.testng.remote.AbstractRemoteTestNG.run(AbstractRemoteTestNG.java:115)
at org.testng.remote.RemoteTestNG.initAndRun(RemoteTestNG.java:293)
at org.testng.remote.RemoteTestNG.main(RemoteTestNG.java:91)
]]>
    </failure>
  </testcase> <!-- validateAllBranch_Division_FinYear_fromDataProvider_002 -->
  <testcase classname="branch_division_finyear.Branch_Division_FinYear_TestCase" name="validateAllBranch_Division_FinYear_fromDataProvider_002" time="8.938">
    <failure message="expected [{A1=[Welcome, Akash12, (2627), DEMO LTD, Ahmedabad (Export Air)], A2=[Welcome, Akash12, (2627), DEMO LTD, Ahmedabad (Export Sea)], A3=[Welcome, Akash12, (2627), DEMO LTD, Ahmedabad (Import Air)], A4=[Welcome, Akash12, (2627), DEMO LTD, Ahmedabad (Import Sea)], M1=[Welcome, Akash12, (2627), DEMO LTD, Mumbai (Export Air)], M2=[Welcome, Akash12, (2627), DEMO LTD, Mumbai (Export Sea)], M3=[Welcome, Akash12, (2627), DEMO LTD, Mumbai (Import Air)], M4=[Welcome, Akash12, (2627), DEMO LTD, Mumbai (Import Sea)]}] but found [[Welcome, Akash12, (2627), DEMO LTD, Ahmedabad (Import Sea)]]" type="java.lang.AssertionError">
      <![CDATA[java.lang.AssertionError: expected [{A1=[Welcome, Akash12, (2627), DEMO LTD, Ahmedabad (Export Air)], A2=[Welcome, Akash12, (2627), DEMO LTD, Ahmedabad (Export Sea)], A3=[Welcome, Akash12, (2627), DEMO LTD, Ahmedabad (Import Air)], A4=[Welcome, Akash12, (2627), DEMO LTD, Ahmedabad (Import Sea)], M1=[Welcome, Akash12, (2627), DEMO LTD, Mumbai (Export Air)], M2=[Welcome, Akash12, (2627), DEMO LTD, Mumbai (Export Sea)], M3=[Welcome, Akash12, (2627), DEMO LTD, Mumbai (Import Air)], M4=[Welcome, Akash12, (2627), DEMO LTD, Mumbai (Import Sea)]}] but found [[Welcome, Akash12, (2627), DEMO LTD, Ahmedabad (Import Sea)]]
at org.testng.Assert.fail(Assert.java:111)
at org.testng.Assert.failNotEquals(Assert.java:1590)
at org.testng.Assert.assertEqualsImpl(Assert.java:150)
at org.testng.Assert.assertEquals(Assert.java:132)
at org.testng.Assert.assertEquals(Assert.java:644)
at webutil.WebUtil.validateListOfText(WebUtil.java:412)
at branch_division_finyear.Branch_Division_FinYear_TestCase.validateAllBranch_Division_FinYear_fromDataProvider_002(Branch_Division_FinYear_TestCase.java:94)
at java.base/jdk.internal.reflect.DirectMethodHandleAccessor.invoke(DirectMethodHandleAccessor.java:103)
at java.base/java.lang.reflect.Method.invoke(Method.java:580)
at org.testng.internal.invokers.MethodInvocationHelper.invokeMethod(MethodInvocationHelper.java:141)
at org.testng.internal.invokers.TestInvoker.invokeMethod(TestInvoker.java:687)
at org.testng.internal.invokers.TestInvoker.invokeTestMethod(TestInvoker.java:230)
at org.testng.internal.invokers.MethodRunner.runInSequence(MethodRunner.java:63)
at org.testng.internal.invokers.TestInvoker$MethodInvocationAgent.invoke(TestInvoker.java:995)
at org.testng.internal.invokers.TestInvoker.invokeTestMethods(TestInvoker.java:203)
at org.testng.internal.invokers.TestMethodWorker.invokeTestMethods(TestMethodWorker.java:154)
at org.testng.internal.invokers.TestMethodWorker.run(TestMethodWorker.java:134)
at java.base/java.util.ArrayList.forEach(ArrayList.java:1596)
at org.testng.TestRunner.privateRun(TestRunner.java:741)
at org.testng.TestRunner.run(TestRunner.java:616)
at org.testng.SuiteRunner.runTest(SuiteRunner.java:421)
at org.testng.SuiteRunner.runSequentially(SuiteRunner.java:413)
at org.testng.SuiteRunner.privateRun(SuiteRunner.java:373)
at org.testng.SuiteRunner.run(SuiteRunner.java:312)
at org.testng.SuiteRunnerWorker.runSuite(SuiteRunnerWorker.java:52)
at org.testng.SuiteRunnerWorker.run(SuiteRunnerWorker.java:95)
at org.testng.TestNG.runSuitesSequentially(TestNG.java:1274)
at org.testng.TestNG.runSuitesLocally(TestNG.java:1208)
at org.testng.TestNG.runSuites(TestNG.java:1112)
at org.testng.TestNG.run(TestNG.java:1079)
at org.testng.remote.AbstractRemoteTestNG.run(AbstractRemoteTestNG.java:115)
at org.testng.remote.RemoteTestNG.initAndRun(RemoteTestNG.java:293)
at org.testng.remote.RemoteTestNG.main(RemoteTestNG.java:91)
]]>
    </failure>
  </testcase> <!-- validateAllBranch_Division_FinYear_fromDataProvider_002 -->
  <testcase classname="branch_division_finyear.Branch_Division_FinYear_TestCase" name="validateAllBranch_Division_FinYear_fromDataProvider_002" time="8.474">
    <failure message="expected [{A1=[Welcome, Akash12, (2627), DEMO LTD, Ahmedabad (Export Air)], A2=[Welcome, Akash12, (2627), DEMO LTD, Ahmedabad (Export Sea)], A3=[Welcome, Akash12, (2627), DEMO LTD, Ahmedabad (Import Air)], A4=[Welcome, Akash12, (2627), DEMO LTD, Ahmedabad (Import Sea)], M1=[Welcome, Akash12, (2627), DEMO LTD, Mumbai (Export Air)], M2=[Welcome, Akash12, (2627), DEMO LTD, Mumbai (Export Sea)], M3=[Welcome, Akash12, (2627), DEMO LTD, Mumbai (Import Air)], M4=[Welcome, Akash12, (2627), DEMO LTD, Mumbai (Import Sea)]}] but found [[Welcome, Akash12, (2627), DEMO LTD, Ahmedabad (Export Air)]]" type="java.lang.AssertionError">
      <![CDATA[java.lang.AssertionError: expected [{A1=[Welcome, Akash12, (2627), DEMO LTD, Ahmedabad (Export Air)], A2=[Welcome, Akash12, (2627), DEMO LTD, Ahmedabad (Export Sea)], A3=[Welcome, Akash12, (2627), DEMO LTD, Ahmedabad (Import Air)], A4=[Welcome, Akash12, (2627), DEMO LTD, Ahmedabad (Import Sea)], M1=[Welcome, Akash12, (2627), DEMO LTD, Mumbai (Export Air)], M2=[Welcome, Akash12, (2627), DEMO LTD, Mumbai (Export Sea)], M3=[Welcome, Akash12, (2627), DEMO LTD, Mumbai (Import Air)], M4=[Welcome, Akash12, (2627), DEMO LTD, Mumbai (Import Sea)]}] but found [[Welcome, Akash12, (2627), DEMO LTD, Ahmedabad (Export Air)]]
at org.testng.Assert.fail(Assert.java:111)
at org.testng.Assert.failNotEquals(Assert.java:1590)
at org.testng.Assert.assertEqualsImpl(Assert.java:150)
at org.testng.Assert.assertEquals(Assert.java:132)
at org.testng.Assert.assertEquals(Assert.java:644)
at webutil.WebUtil.validateListOfText(WebUtil.java:412)
at branch_division_finyear.Branch_Division_FinYear_TestCase.validateAllBranch_Division_FinYear_fromDataProvider_002(Branch_Division_FinYear_TestCase.java:94)
at java.base/jdk.internal.reflect.DirectMethodHandleAccessor.invoke(DirectMethodHandleAccessor.java:103)
at java.base/java.lang.reflect.Method.invoke(Method.java:580)
at org.testng.internal.invokers.MethodInvocationHelper.invokeMethod(MethodInvocationHelper.java:141)
at org.testng.internal.invokers.TestInvoker.invokeMethod(TestInvoker.java:687)
at org.testng.internal.invokers.TestInvoker.invokeTestMethod(TestInvoker.java:230)
at org.testng.internal.invokers.MethodRunner.runInSequence(MethodRunner.java:63)
at org.testng.internal.invokers.TestInvoker$MethodInvocationAgent.invoke(TestInvoker.java:995)
at org.testng.internal.invokers.TestInvoker.invokeTestMethods(TestInvoker.java:203)
at org.testng.internal.invokers.TestMethodWorker.invokeTestMethods(TestMethodWorker.java:154)
at org.testng.internal.invokers.TestMethodWorker.run(TestMethodWorker.java:134)
at java.base/java.util.ArrayList.forEach(ArrayList.java:1596)
at org.testng.TestRunner.privateRun(TestRunner.java:741)
at org.testng.TestRunner.run(TestRunner.java:616)
at org.testng.SuiteRunner.runTest(SuiteRunner.java:421)
at org.testng.SuiteRunner.runSequentially(SuiteRunner.java:413)
at org.testng.SuiteRunner.privateRun(SuiteRunner.java:373)
at org.testng.SuiteRunner.run(SuiteRunner.java:312)
at org.testng.SuiteRunnerWorker.runSuite(SuiteRunnerWorker.java:52)
at org.testng.SuiteRunnerWorker.run(SuiteRunnerWorker.java:95)
at org.testng.TestNG.runSuitesSequentially(TestNG.java:1274)
at org.testng.TestNG.runSuitesLocally(TestNG.java:1208)
at org.testng.TestNG.runSuites(TestNG.java:1112)
at org.testng.TestNG.run(TestNG.java:1079)
at org.testng.remote.AbstractRemoteTestNG.run(AbstractRemoteTestNG.java:115)
at org.testng.remote.RemoteTestNG.initAndRun(RemoteTestNG.java:293)
at org.testng.remote.RemoteTestNG.main(RemoteTestNG.java:91)
]]>
    </failure>
  </testcase> <!-- validateAllBranch_Division_FinYear_fromDataProvider_002 -->
  <testcase classname="branch_division_finyear.Branch_Division_FinYear_TestCase" name="validateAllBranch_Division_FinYear_fromDataProvider_002" time="8.972">
    <failure message="expected [{A1=[Welcome, Akash12, (2627), DEMO LTD, Ahmedabad (Export Air)], A2=[Welcome, Akash12, (2627), DEMO LTD, Ahmedabad (Export Sea)], A3=[Welcome, Akash12, (2627), DEMO LTD, Ahmedabad (Import Air)], A4=[Welcome, Akash12, (2627), DEMO LTD, Ahmedabad (Import Sea)], M1=[Welcome, Akash12, (2627), DEMO LTD, Mumbai (Export Air)], M2=[Welcome, Akash12, (2627), DEMO LTD, Mumbai (Export Sea)], M3=[Welcome, Akash12, (2627), DEMO LTD, Mumbai (Import Air)], M4=[Welcome, Akash12, (2627), DEMO LTD, Mumbai (Import Sea)]}] but found [[Welcome, Akash12, (2627), DEMO LTD, Mumbai (Export Air)]]" type="java.lang.AssertionError">
      <![CDATA[java.lang.AssertionError: expected [{A1=[Welcome, Akash12, (2627), DEMO LTD, Ahmedabad (Export Air)], A2=[Welcome, Akash12, (2627), DEMO LTD, Ahmedabad (Export Sea)], A3=[Welcome, Akash12, (2627), DEMO LTD, Ahmedabad (Import Air)], A4=[Welcome, Akash12, (2627), DEMO LTD, Ahmedabad (Import Sea)], M1=[Welcome, Akash12, (2627), DEMO LTD, Mumbai (Export Air)], M2=[Welcome, Akash12, (2627), DEMO LTD, Mumbai (Export Sea)], M3=[Welcome, Akash12, (2627), DEMO LTD, Mumbai (Import Air)], M4=[Welcome, Akash12, (2627), DEMO LTD, Mumbai (Import Sea)]}] but found [[Welcome, Akash12, (2627), DEMO LTD, Mumbai (Export Air)]]
at org.testng.Assert.fail(Assert.java:111)
at org.testng.Assert.failNotEquals(Assert.java:1590)
at org.testng.Assert.assertEqualsImpl(Assert.java:150)
at org.testng.Assert.assertEquals(Assert.java:132)
at org.testng.Assert.assertEquals(Assert.java:644)
at webutil.WebUtil.validateListOfText(WebUtil.java:412)
at branch_division_finyear.Branch_Division_FinYear_TestCase.validateAllBranch_Division_FinYear_fromDataProvider_002(Branch_Division_FinYear_TestCase.java:94)
at java.base/jdk.internal.reflect.DirectMethodHandleAccessor.invoke(DirectMethodHandleAccessor.java:103)
at java.base/java.lang.reflect.Method.invoke(Method.java:580)
at org.testng.internal.invokers.MethodInvocationHelper.invokeMethod(MethodInvocationHelper.java:141)
at org.testng.internal.invokers.TestInvoker.invokeMethod(TestInvoker.java:687)
at org.testng.internal.invokers.TestInvoker.invokeTestMethod(TestInvoker.java:230)
at org.testng.internal.invokers.MethodRunner.runInSequence(MethodRunner.java:63)
at org.testng.internal.invokers.TestInvoker$MethodInvocationAgent.invoke(TestInvoker.java:995)
at org.testng.internal.invokers.TestInvoker.invokeTestMethods(TestInvoker.java:203)
at org.testng.internal.invokers.TestMethodWorker.invokeTestMethods(TestMethodWorker.java:154)
at org.testng.internal.invokers.TestMethodWorker.run(TestMethodWorker.java:134)
at java.base/java.util.ArrayList.forEach(ArrayList.java:1596)
at org.testng.TestRunner.privateRun(TestRunner.java:741)
at org.testng.TestRunner.run(TestRunner.java:616)
at org.testng.SuiteRunner.runTest(SuiteRunner.java:421)
at org.testng.SuiteRunner.runSequentially(SuiteRunner.java:413)
at org.testng.SuiteRunner.privateRun(SuiteRunner.java:373)
at org.testng.SuiteRunner.run(SuiteRunner.java:312)
at org.testng.SuiteRunnerWorker.runSuite(SuiteRunnerWorker.java:52)
at org.testng.SuiteRunnerWorker.run(SuiteRunnerWorker.java:95)
at org.testng.TestNG.runSuitesSequentially(TestNG.java:1274)
at org.testng.TestNG.runSuitesLocally(TestNG.java:1208)
at org.testng.TestNG.runSuites(TestNG.java:1112)
at org.testng.TestNG.run(TestNG.java:1079)
at org.testng.remote.AbstractRemoteTestNG.run(AbstractRemoteTestNG.java:115)
at org.testng.remote.RemoteTestNG.initAndRun(RemoteTestNG.java:293)
at org.testng.remote.RemoteTestNG.main(RemoteTestNG.java:91)
]]>
    </failure>
  </testcase> <!-- validateAllBranch_Division_FinYear_fromDataProvider_002 -->
  <testcase classname="branch_division_finyear.Branch_Division_FinYear_TestCase" name="validateAllBranch_Division_FinYear_fromDataProvider_002" time="9.930">
    <failure message="expected [{A1=[Welcome, Akash12, (2627), DEMO LTD, Ahmedabad (Export Air)], A2=[Welcome, Akash12, (2627), DEMO LTD, Ahmedabad (Export Sea)], A3=[Welcome, Akash12, (2627), DEMO LTD, Ahmedabad (Import Air)], A4=[Welcome, Akash12, (2627), DEMO LTD, Ahmedabad (Import Sea)], M1=[Welcome, Akash12, (2627), DEMO LTD, Mumbai (Export Air)], M2=[Welcome, Akash12, (2627), DEMO LTD, Mumbai (Export Sea)], M3=[Welcome, Akash12, (2627), DEMO LTD, Mumbai (Import Air)], M4=[Welcome, Akash12, (2627), DEMO LTD, Mumbai (Import Sea)]}] but found [[Welcome, Akash12, (2627), DEMO LTD, Mumbai (Import Air)]]" type="java.lang.AssertionError">
      <![CDATA[java.lang.AssertionError: expected [{A1=[Welcome, Akash12, (2627), DEMO LTD, Ahmedabad (Export Air)], A2=[Welcome, Akash12, (2627), DEMO LTD, Ahmedabad (Export Sea)], A3=[Welcome, Akash12, (2627), DEMO LTD, Ahmedabad (Import Air)], A4=[Welcome, Akash12, (2627), DEMO LTD, Ahmedabad (Import Sea)], M1=[Welcome, Akash12, (2627), DEMO LTD, Mumbai (Export Air)], M2=[Welcome, Akash12, (2627), DEMO LTD, Mumbai (Export Sea)], M3=[Welcome, Akash12, (2627), DEMO LTD, Mumbai (Import Air)], M4=[Welcome, Akash12, (2627), DEMO LTD, Mumbai (Import Sea)]}] but found [[Welcome, Akash12, (2627), DEMO LTD, Mumbai (Import Air)]]
at org.testng.Assert.fail(Assert.java:111)
at org.testng.Assert.failNotEquals(Assert.java:1590)
at org.testng.Assert.assertEqualsImpl(Assert.java:150)
at org.testng.Assert.assertEquals(Assert.java:132)
at org.testng.Assert.assertEquals(Assert.java:644)
at webutil.WebUtil.validateListOfText(WebUtil.java:412)
at branch_division_finyear.Branch_Division_FinYear_TestCase.validateAllBranch_Division_FinYear_fromDataProvider_002(Branch_Division_FinYear_TestCase.java:94)
at java.base/jdk.internal.reflect.DirectMethodHandleAccessor.invoke(DirectMethodHandleAccessor.java:103)
at java.base/java.lang.reflect.Method.invoke(Method.java:580)
at org.testng.internal.invokers.MethodInvocationHelper.invokeMethod(MethodInvocationHelper.java:141)
at org.testng.internal.invokers.TestInvoker.invokeMethod(TestInvoker.java:687)
at org.testng.internal.invokers.TestInvoker.invokeTestMethod(TestInvoker.java:230)
at org.testng.internal.invokers.MethodRunner.runInSequence(MethodRunner.java:63)
at org.testng.internal.invokers.TestInvoker$MethodInvocationAgent.invoke(TestInvoker.java:995)
at org.testng.internal.invokers.TestInvoker.invokeTestMethods(TestInvoker.java:203)
at org.testng.internal.invokers.TestMethodWorker.invokeTestMethods(TestMethodWorker.java:154)
at org.testng.internal.invokers.TestMethodWorker.run(TestMethodWorker.java:134)
at java.base/java.util.ArrayList.forEach(ArrayList.java:1596)
at org.testng.TestRunner.privateRun(TestRunner.java:741)
at org.testng.TestRunner.run(TestRunner.java:616)
at org.testng.SuiteRunner.runTest(SuiteRunner.java:421)
at org.testng.SuiteRunner.runSequentially(SuiteRunner.java:413)
at org.testng.SuiteRunner.privateRun(SuiteRunner.java:373)
at org.testng.SuiteRunner.run(SuiteRunner.java:312)
at org.testng.SuiteRunnerWorker.runSuite(SuiteRunnerWorker.java:52)
at org.testng.SuiteRunnerWorker.run(SuiteRunnerWorker.java:95)
at org.testng.TestNG.runSuitesSequentially(TestNG.java:1274)
at org.testng.TestNG.runSuitesLocally(TestNG.java:1208)
at org.testng.TestNG.runSuites(TestNG.java:1112)
at org.testng.TestNG.run(TestNG.java:1079)
at org.testng.remote.AbstractRemoteTestNG.run(AbstractRemoteTestNG.java:115)
at org.testng.remote.RemoteTestNG.initAndRun(RemoteTestNG.java:293)
at org.testng.remote.RemoteTestNG.main(RemoteTestNG.java:91)
]]>
    </failure>
  </testcase> <!-- validateAllBranch_Division_FinYear_fromDataProvider_002 -->
  <testcase classname="branch_division_finyear.Branch_Division_FinYear_TestCase" name="validateAllBranch_Division_FinYear_fromDataProvider_002" time="8.402">
    <failure message="expected [{A1=[Welcome, Akash12, (2627), DEMO LTD, Ahmedabad (Export Air)], A2=[Welcome, Akash12, (2627), DEMO LTD, Ahmedabad (Export Sea)], A3=[Welcome, Akash12, (2627), DEMO LTD, Ahmedabad (Import Air)], A4=[Welcome, Akash12, (2627), DEMO LTD, Ahmedabad (Import Sea)], M1=[Welcome, Akash12, (2627), DEMO LTD, Mumbai (Export Air)], M2=[Welcome, Akash12, (2627), DEMO LTD, Mumbai (Export Sea)], M3=[Welcome, Akash12, (2627), DEMO LTD, Mumbai (Import Air)], M4=[Welcome, Akash12, (2627), DEMO LTD, Mumbai (Import Sea)]}] but found [[Welcome, Akash12, (2627), DEMO LTD, Ahmedabad (Export Sea)]]" type="java.lang.AssertionError">
      <![CDATA[java.lang.AssertionError: expected [{A1=[Welcome, Akash12, (2627), DEMO LTD, Ahmedabad (Export Air)], A2=[Welcome, Akash12, (2627), DEMO LTD, Ahmedabad (Export Sea)], A3=[Welcome, Akash12, (2627), DEMO LTD, Ahmedabad (Import Air)], A4=[Welcome, Akash12, (2627), DEMO LTD, Ahmedabad (Import Sea)], M1=[Welcome, Akash12, (2627), DEMO LTD, Mumbai (Export Air)], M2=[Welcome, Akash12, (2627), DEMO LTD, Mumbai (Export Sea)], M3=[Welcome, Akash12, (2627), DEMO LTD, Mumbai (Import Air)], M4=[Welcome, Akash12, (2627), DEMO LTD, Mumbai (Import Sea)]}] but found [[Welcome, Akash12, (2627), DEMO LTD, Ahmedabad (Export Sea)]]
at org.testng.Assert.fail(Assert.java:111)
at org.testng.Assert.failNotEquals(Assert.java:1590)
at org.testng.Assert.assertEqualsImpl(Assert.java:150)
at org.testng.Assert.assertEquals(Assert.java:132)
at org.testng.Assert.assertEquals(Assert.java:644)
at webutil.WebUtil.validateListOfText(WebUtil.java:412)
at branch_division_finyear.Branch_Division_FinYear_TestCase.validateAllBranch_Division_FinYear_fromDataProvider_002(Branch_Division_FinYear_TestCase.java:94)
at java.base/jdk.internal.reflect.DirectMethodHandleAccessor.invoke(DirectMethodHandleAccessor.java:103)
at java.base/java.lang.reflect.Method.invoke(Method.java:580)
at org.testng.internal.invokers.MethodInvocationHelper.invokeMethod(MethodInvocationHelper.java:141)
at org.testng.internal.invokers.TestInvoker.invokeMethod(TestInvoker.java:687)
at org.testng.internal.invokers.TestInvoker.invokeTestMethod(TestInvoker.java:230)
at org.testng.internal.invokers.MethodRunner.runInSequence(MethodRunner.java:63)
at org.testng.internal.invokers.TestInvoker$MethodInvocationAgent.invoke(TestInvoker.java:995)
at org.testng.internal.invokers.TestInvoker.invokeTestMethods(TestInvoker.java:203)
at org.testng.internal.invokers.TestMethodWorker.invokeTestMethods(TestMethodWorker.java:154)
at org.testng.internal.invokers.TestMethodWorker.run(TestMethodWorker.java:134)
at java.base/java.util.ArrayList.forEach(ArrayList.java:1596)
at org.testng.TestRunner.privateRun(TestRunner.java:741)
at org.testng.TestRunner.run(TestRunner.java:616)
at org.testng.SuiteRunner.runTest(SuiteRunner.java:421)
at org.testng.SuiteRunner.runSequentially(SuiteRunner.java:413)
at org.testng.SuiteRunner.privateRun(SuiteRunner.java:373)
at org.testng.SuiteRunner.run(SuiteRunner.java:312)
at org.testng.SuiteRunnerWorker.runSuite(SuiteRunnerWorker.java:52)
at org.testng.SuiteRunnerWorker.run(SuiteRunnerWorker.java:95)
at org.testng.TestNG.runSuitesSequentially(TestNG.java:1274)
at org.testng.TestNG.runSuitesLocally(TestNG.java:1208)
at org.testng.TestNG.runSuites(TestNG.java:1112)
at org.testng.TestNG.run(TestNG.java:1079)
at org.testng.remote.AbstractRemoteTestNG.run(AbstractRemoteTestNG.java:115)
at org.testng.remote.RemoteTestNG.initAndRun(RemoteTestNG.java:293)
at org.testng.remote.RemoteTestNG.main(RemoteTestNG.java:91)
]]>
    </failure>
  </testcase> <!-- validateAllBranch_Division_FinYear_fromDataProvider_002 -->
  <testcase classname="branch_division_finyear.Branch_Division_FinYear_TestCase" name="validateAllBranch_Division_FinYear_fromDataProvider_002" time="8.944">
    <failure message="expected [{A1=[Welcome, Akash12, (2627), DEMO LTD, Ahmedabad (Export Air)], A2=[Welcome, Akash12, (2627), DEMO LTD, Ahmedabad (Export Sea)], A3=[Welcome, Akash12, (2627), DEMO LTD, Ahmedabad (Import Air)], A4=[Welcome, Akash12, (2627), DEMO LTD, Ahmedabad (Import Sea)], M1=[Welcome, Akash12, (2627), DEMO LTD, Mumbai (Export Air)], M2=[Welcome, Akash12, (2627), DEMO LTD, Mumbai (Export Sea)], M3=[Welcome, Akash12, (2627), DEMO LTD, Mumbai (Import Air)], M4=[Welcome, Akash12, (2627), DEMO LTD, Mumbai (Import Sea)]}] but found [[Welcome, Akash12, (2627), DEMO LTD, Ahmedabad (Import Air)]]" type="java.lang.AssertionError">
      <![CDATA[java.lang.AssertionError: expected [{A1=[Welcome, Akash12, (2627), DEMO LTD, Ahmedabad (Export Air)], A2=[Welcome, Akash12, (2627), DEMO LTD, Ahmedabad (Export Sea)], A3=[Welcome, Akash12, (2627), DEMO LTD, Ahmedabad (Import Air)], A4=[Welcome, Akash12, (2627), DEMO LTD, Ahmedabad (Import Sea)], M1=[Welcome, Akash12, (2627), DEMO LTD, Mumbai (Export Air)], M2=[Welcome, Akash12, (2627), DEMO LTD, Mumbai (Export Sea)], M3=[Welcome, Akash12, (2627), DEMO LTD, Mumbai (Import Air)], M4=[Welcome, Akash12, (2627), DEMO LTD, Mumbai (Import Sea)]}] but found [[Welcome, Akash12, (2627), DEMO LTD, Ahmedabad (Import Air)]]
at org.testng.Assert.fail(Assert.java:111)
at org.testng.Assert.failNotEquals(Assert.java:1590)
at org.testng.Assert.assertEqualsImpl(Assert.java:150)
at org.testng.Assert.assertEquals(Assert.java:132)
at org.testng.Assert.assertEquals(Assert.java:644)
at webutil.WebUtil.validateListOfText(WebUtil.java:412)
at branch_division_finyear.Branch_Division_FinYear_TestCase.validateAllBranch_Division_FinYear_fromDataProvider_002(Branch_Division_FinYear_TestCase.java:94)
at java.base/jdk.internal.reflect.DirectMethodHandleAccessor.invoke(DirectMethodHandleAccessor.java:103)
at java.base/java.lang.reflect.Method.invoke(Method.java:580)
at org.testng.internal.invokers.MethodInvocationHelper.invokeMethod(MethodInvocationHelper.java:141)
at org.testng.internal.invokers.TestInvoker.invokeMethod(TestInvoker.java:687)
at org.testng.internal.invokers.TestInvoker.invokeTestMethod(TestInvoker.java:230)
at org.testng.internal.invokers.MethodRunner.runInSequence(MethodRunner.java:63)
at org.testng.internal.invokers.TestInvoker$MethodInvocationAgent.invoke(TestInvoker.java:995)
at org.testng.internal.invokers.TestInvoker.invokeTestMethods(TestInvoker.java:203)
at org.testng.internal.invokers.TestMethodWorker.invokeTestMethods(TestMethodWorker.java:154)
at org.testng.internal.invokers.TestMethodWorker.run(TestMethodWorker.java:134)
at java.base/java.util.ArrayList.forEach(ArrayList.java:1596)
at org.testng.TestRunner.privateRun(TestRunner.java:741)
at org.testng.TestRunner.run(TestRunner.java:616)
at org.testng.SuiteRunner.runTest(SuiteRunner.java:421)
at org.testng.SuiteRunner.runSequentially(SuiteRunner.java:413)
at org.testng.SuiteRunner.privateRun(SuiteRunner.java:373)
at org.testng.SuiteRunner.run(SuiteRunner.java:312)
at org.testng.SuiteRunnerWorker.runSuite(SuiteRunnerWorker.java:52)
at org.testng.SuiteRunnerWorker.run(SuiteRunnerWorker.java:95)
at org.testng.TestNG.runSuitesSequentially(TestNG.java:1274)
at org.testng.TestNG.runSuitesLocally(TestNG.java:1208)
at org.testng.TestNG.runSuites(TestNG.java:1112)
at org.testng.TestNG.run(TestNG.java:1079)
at org.testng.remote.AbstractRemoteTestNG.run(AbstractRemoteTestNG.java:115)
at org.testng.remote.RemoteTestNG.initAndRun(RemoteTestNG.java:293)
at org.testng.remote.RemoteTestNG.main(RemoteTestNG.java:91)
]]>
    </failure>
  </testcase> <!-- validateAllBranch_Division_FinYear_fromDataProvider_002 -->
</testsuite> <!-- branch_division_finyear.Branch_Division_FinYear_TestCase -->
