<?xml version="1.0" encoding="UTF-8"?>
<!-- Generated by org.testng.reporters.JUnitReportReporter -->
<testsuite hostname="HIpl-014" failures="0" tests="8" name="branch_division_finyear.Branch_Division_FinYear_TestCase" time="87.096" errors="0" timestamp="2026-04-28T12:49:37 IST" skipped="0">
  <testcase classname="branch_division_finyear.Branch_Division_FinYear_TestCase" name="validate_AllBranch_Division_FinYear_with_DataProvider" time="10.071"/>
  <testcase classname="branch_division_finyear.Branch_Division_FinYear_TestCase" name="validate_AllBranch_Division_FinYear_with_DataProvider" time="11.678"/>
  <testcase classname="branch_division_finyear.Branch_Division_FinYear_TestCase" name="validate_AllBranch_Division_FinYear_with_DataProvider" time="12.778"/>
  <testcase classname="branch_division_finyear.Branch_Division_FinYear_TestCase" name="validate_AllBranch_Division_FinYear_with_DataProvider" time="11.700"/>
  <testcase classname="branch_division_finyear.Branch_Division_FinYear_TestCase" name="validate_AllBranch_Division_FinYear_with_DataProvider" time="9.878"/>
  <testcase classname="branch_division_finyear.Branch_Division_FinYear_TestCase" name="validate_AllBranch_Division_FinYear_with_DataProvider" time="10.276"/>
  <testcase classname="branch_division_finyear.Branch_Division_FinYear_TestCase" name="validate_AllBranch_Division_FinYear_with_DataProvider" time="10.409"/>
  <testcase classname="branch_division_finyear.Branch_Division_FinYear_TestCase" name="validate_AllBranch_Division_FinYear_with_DataProvider" time="10.306"/>
</testsuite> <!-- branch_division_finyear.Branch_Division_FinYear_TestCase -->
