<?xml version="1.0" encoding="UTF-8"?>
<!-- Generated by org.testng.reporters.JUnitReportReporter -->
<testsuite hostname="HIPL-008" failures="0" tests="4" name="miscMasterTestCase.NotesMasterTestCase" time="92.119" errors="0" timestamp="2026-06-02T14:08:11 IST" skipped="0">
  <testcase classname="miscMasterTestCase.NotesMasterTestCase" name="pageTitleNotesMaster" time="21.248"/>
  <testcase classname="miscMasterTestCase.NotesMasterTestCase" name="createNotesMaster" time="22.599"/>
  <testcase classname="miscMasterTestCase.NotesMasterTestCase" name="modifyNotesMaster" time="25.451"/>
  <testcase classname="miscMasterTestCase.NotesMasterTestCase" name="clearNotesMaster" time="22.821"/>
</testsuite> <!-- miscMasterTestCase.NotesMasterTestCase -->
