<?xml version="1.0" encoding="UTF-8"?>
<!-- Generated by org.testng.reporters.JUnitReportReporter -->
<testsuite hostname="HIPL-008" failures="0" tests="4" name="masters.CFSMasterTestCase" time="146.796" errors="0" timestamp="2026-05-23T15:33:51 IST" skipped="0">
  <testcase classname="masters.CFSMasterTestCase" name="validateCFSMasterPageTitle" time="36.222"/>
  <testcase classname="masters.CFSMasterTestCase" name="createCFSMaster" time="40.462"/>
  <testcase classname="masters.CFSMasterTestCase" name="modifyCFSMaster" time="37.378"/>
  <testcase classname="masters.CFSMasterTestCase" name="clearCFSMaster" time="32.734"/>
</testsuite> <!-- masters.CFSMasterTestCase -->
