<?xml version="1.0" encoding="UTF-8"?>
<!-- Generated by org.testng.reporters.JUnitReportReporter -->
<testsuite hostname="HIPL-008" failures="0" tests="3" name="regionalMasterTestCase.ActionMasterTestCase" time="108.655" errors="0" timestamp="2026-05-25T10:53:47 IST" skipped="0">
  <testcase classname="regionalMasterTestCase.ActionMasterTestCase" name="pageTitleActionMaster" time="43.559"/>
  <testcase classname="regionalMasterTestCase.ActionMasterTestCase" name="modifyActionMaster" time="32.407"/>
  <testcase classname="regionalMasterTestCase.ActionMasterTestCase" name="clearActionMaster" time="32.689"/>
</testsuite> <!-- regionalMasterTestCase.ActionMasterTestCase -->
