<?xml version="1.0" encoding="UTF-8"?>
<!-- Generated by org.testng.reporters.JUnitReportReporter -->
<testsuite hostname="HIpl-014" failures="0" tests="3" name="logintestcase.LoginTestCase" time="15.676" errors="0" timestamp="2026-04-27T15:28:44 IST" skipped="0">
  <testcase classname="logintestcase.LoginTestCase" name="validateLoginCredential_001" time="6.349"/>
  <testcase classname="logintestcase.LoginTestCase" name="validateLoginCredential_001" time="4.764"/>
  <testcase classname="logintestcase.LoginTestCase" name="validateLoginCredential_001" time="4.563"/>
</testsuite> <!-- logintestcase.LoginTestCase -->
