<?xml version="1.0" encoding="UTF-8"?>
<!-- Generated by org.testng.reporters.JUnitReportReporter -->
<testsuite hostname="HIPL-008" failures="0" tests="5" name="stuffingMasterTestCase.StuffingMasterTestCase" time="116.304" errors="0" timestamp="2026-06-04T14:50:26 IST" skipped="0">
  <testcase classname="stuffingMasterTestCase.StuffingMasterTestCase" name="pageTitleStuffingMaster" time="22.568"/>
  <testcase classname="stuffingMasterTestCase.StuffingMasterTestCase" name="createStuffingMaster" time="26.688"/>
  <testcase classname="stuffingMasterTestCase.StuffingMasterTestCase" name="modifyStuffingMaster" time="30.334"/>
  <testcase classname="stuffingMasterTestCase.StuffingMasterTestCase" name="deleteStuffingMaster" time="14.270"/>
  <testcase classname="stuffingMasterTestCase.StuffingMasterTestCase" name="clearStuffingMaster" time="22.444"/>
</testsuite> <!-- stuffingMasterTestCase.StuffingMasterTestCase -->
